<?xml version="1.0" encoding="UTF-8"?>
<!-- Generated by org.testng.reporters.JUnitReportReporter -->
<testsuite hostname="GUDDU" failures="0" tests="2" name="testNG.Demo" time="11.425" errors="0" timestamp="2024-07-17T12:14:57 IST" skipped="0">
  <testcase classname="testNG.Demo" name="demo" time="7.287"/>
  <system-out>
    <![CDATA[demo testcase is executed]]>
  </system-out>
  <testcase classname="testNG.Demo" name="sample" time="4.138"/>
  <system-out>
    <![CDATA[Welcome to Advance Selenium]]>
  </system-out>
</testsuite> <!-- testNG.Demo -->
