<?xml version="1.0" encoding="UTF-8"?>
<!-- Generated by org.testng.reporters.JUnitReportReporter -->
<testsuite hostname="GUDDU" failures="0" tests="1" name="batchExecution.RollsRoyce" time="24.823" errors="0" timestamp="2024-07-20T11:21:29 IST" skipped="0">
  <testcase classname="batchExecution.RollsRoyce" name="rollsRoyceCar" time="24.823"/>
  <system-out/>
</testsuite> <!-- batchExecution.RollsRoyce -->
