<?xml version="1.0" encoding="UTF-8"?>
<!-- Generated by org.testng.reporters.JUnitReportReporter -->
<testsuite hostname="GUDDU" failures="0" tests="1" name="testNG.TestScript" time="10.183" errors="0" timestamp="2024-07-22T12:39:17 IST" skipped="0">
  <testcase classname="testNG.TestScript" name="clickOnBooks" time="10.183"/>
  <system-out>
    <![CDATA[Books page is displayed]]>
  </system-out>
</testsuite> <!-- testNG.TestScript -->
