<?xml version="1.0" encoding="UTF-8"?>
<!-- Generated by org.testng.reporters.JUnitReportReporter -->
<testsuite hostname="GUDDU" failures="0" tests="3" name="testNG.ToLearnDataProvider" time="19.031" errors="0" timestamp="2024-07-23T11:38:03 IST" skipped="0">
  <testcase classname="testNG.ToLearnDataProvider" name="login" time="5.054"/>
  <system-out/>
  <testcase classname="testNG.ToLearnDataProvider" name="login" time="9.047"/>
  <system-out/>
  <testcase classname="testNG.ToLearnDataProvider" name="login" time="4.930"/>
  <system-out/>
</testsuite> <!-- testNG.ToLearnDataProvider -->
