<?xml version="1.0" encoding="UTF-8"?>
<!-- Generated by org.testng.reporters.JUnitReportReporter -->
<testsuite hostname="GUDDU" failures="0" tests="1" name="testNG.ConfigurationAnnotations" time="0.018" errors="0" timestamp="2024-07-22T12:05:01 IST" skipped="0">
  <testcase classname="testNG.ConfigurationAnnotations" name="demo" time="0.018"/>
  <system-out>
    <![CDATA[@Test(demo) executed]]>
  </system-out>
</testsuite> <!-- testNG.ConfigurationAnnotations -->
