<?xml version="1.0" encoding="UTF-8"?>
<!-- Generated by org.testng.reporters.JUnitReportReporter -->
<testsuite hostname="GUDDU" failures="0" tests="1" name="Assignments.AssignmentOnRadioButton" time="9.940" errors="0" timestamp="2024-07-22T11:01:12 IST" skipped="0">
  <testcase classname="Assignments.AssignmentOnRadioButton" name="RadioButton" time="9.940"/>
  <system-out>
    <![CDATA[Please select an answer]]>
  </system-out>
</testsuite> <!-- Assignments.AssignmentOnRadioButton -->
