<?xml version="1.0" encoding="UTF-8"?>
<!-- Generated by org.testng.reporters.JUnitReportReporter -->
<testsuite hostname="GUDDU" failures="0" tests="1" name="Assignments.DemoWebShop" time="9.765" errors="0" timestamp="2024-07-20T21:03:45 IST" skipped="0">
  <testcase classname="Assignments.DemoWebShop" name="AssignmentonDemoWebshop" time="9.765"/>
  <system-out/>
</testsuite> <!-- Assignments.DemoWebShop -->
