<?xml version="1.0" encoding="UTF-8"?>
<!-- Generated by org.testng.reporters.JUnitReportReporter -->
<testsuite hostname="GUDDU" failures="0" tests="5" name="testNG.AnnotationAttribute" time="50.744" errors="0" timestamp="2024-07-19T11:27:08 IST" skipped="0">
  <testcase classname="testNG.AnnotationAttribute" name="register" time="8.314"/>
  <system-out>
    <![CDATA[user registered in successfully]]>
  </system-out>
  <testcase classname="testNG.AnnotationAttribute" name="login" time="10.038"/>
  <system-out>
    <![CDATA[user logged in successfully]]>
  </system-out>
  <testcase classname="testNG.AnnotationAttribute" name="login" time="10.306"/>
  <system-out>
    <![CDATA[user logged in successfully]]>
  </system-out>
  <testcase classname="testNG.AnnotationAttribute" name="login" time="9.636"/>
  <system-out>
    <![CDATA[user logged in successfully]]>
  </system-out>
  <testcase classname="testNG.AnnotationAttribute" name="login" time="12.450"/>
  <system-out>
    <![CDATA[user logged in successfully]]>
  </system-out>
</testsuite> <!-- testNG.AnnotationAttribute -->
