<?xml version="1.0" encoding="UTF-8"?>
<!-- Generated by org.testng.reporters.JUnitReportReporter -->
<testsuite hostname="GUDDU" failures="0" tests="2" name="crossBrowserTesting.CBT" time="23.898" errors="0" timestamp="2024-07-24T12:29:04 IST" skipped="0">
  <testcase classname="crossBrowserTesting.CBT" name="launch" time="11.018"/>
  <system-out/>
  <testcase classname="crossBrowserTesting.CBT" name="launch" time="12.880"/>
  <system-out/>
</testsuite> <!-- crossBrowserTesting.CBT -->
